<?xml version="1.0" encoding="UTF-8"?>
<!-- Generated by org.testng.reporters.JUnitReportReporter -->
<testsuite hostname="DESKTOP-V2N0BED" failures="0" tests="1" name="com.crm.Vtiger.CreateOrganisation.CreateOrganisationWithCopyBillingAddress_Test" time="34.017" errors="0" timestamp="2021-09-23T18:16:46 IST" skipped="0">
  <testcase classname="com.crm.Vtiger.CreateOrganisation.CreateOrganisationWithCopyBillingAddress_Test" name="createOrganisation_TC_02_Test" time="34.017"/>
  <system-out/>
</testsuite> <!-- com.crm.Vtiger.CreateOrganisation.CreateOrganisationWithCopyBillingAddress_Test -->
