<?xml version="1.0" encoding="UTF-8"?>
<!-- Generated by org.testng.reporters.JUnitReportReporter -->
<testsuite hostname="DESKTOP-V2N0BED" failures="0" tests="1" name="com.crm.Vtiger.CreateOrganisation.CreateOrganisationWithBillingAddress_Test" time="47.870" errors="0" timestamp="2021-09-23T18:16:46 IST" skipped="0">
  <testcase classname="com.crm.Vtiger.CreateOrganisation.CreateOrganisationWithBillingAddress_Test" name="createOrganisation_TC_05_Test" time="47.870"/>
  <system-out/>
</testsuite> <!-- com.crm.Vtiger.CreateOrganisation.CreateOrganisationWithBillingAddress_Test -->
